<?xml version="1.0" encoding="UTF-8"?>
<testng-results ignored="0" total="1" passed="1" failed="0" skipped="0">
  <reporter-output>
  </reporter-output>
  <suite started-at="2022-12-05T19:38:59 EST" name="Default suite" finished-at="2022-12-05T19:39:04 EST" duration-ms="5002">
    <groups>
    </groups>
    <test started-at="2022-12-05T19:38:59 EST" name="Default test" finished-at="2022-12-05T19:39:04 EST" duration-ms="5002">
      <class name="com.qa.fifa.SearchTest">
        <test-method signature="validateSearch()[pri:0, instance:com.qa.fifa.SearchTest@6e0f5f7f]" started-at="2022-12-05T19:38:59 EST" name="validateSearch" finished-at="2022-12-05T19:39:04 EST" duration-ms="4974" status="PASS">
          <reporter-output>
          </reporter-output>
        </test-method> <!-- validateSearch -->
      </class> <!-- com.qa.fifa.SearchTest -->
    </test> <!-- Default test -->
  </suite> <!-- Default suite -->
</testng-results>
